2025-05-18 01:59:02,693 - ERROR - app - Sunucu hatası oluştu: Could not build url for endpoint 'analysis_form'. Did you mean 'main.analysis_form' instead?
Traceback:
Traceback (most recent call last):
  File "c:\Users\altanbariscomert\OneDrive\Masaüstü\arsaanalizvesunum\.venv\lib\site-packages\flask\app.py", line 1513, in full_dispatch_request
    rv = self.dispatch_request()
  File "c:\Users\altanbariscomert\OneDrive\Masaüstü\arsaanalizvesunum\.venv\lib\site-packages\flask\app.py", line 1499, in dispatch_request
    return self.ensure_sync(self.view_functions[rule.endpoint])(**req.view_args)
  File "c:\Users\altanbariscomert\OneDrive\Masaüstü\arsaanalizvesunum\.venv\lib\site-packages\flask_login\utils.py", line 290, in decorated_view
    return current_app.ensure_sync(func)(*args, **kwargs)
  File "C:\Users\altanbariscomert\OneDrive\Masaüstü\arsaanalizvesunum\blueprints\main_bp.py", line 272, in analysis_form
    return render_template('analysis_form.html', form_data=form_data, form_errors=form_errors)
  File "c:\Users\altanbariscomert\OneDrive\Masaüstü\arsaanalizvesunum\.venv\lib\site-packages\flask\templating.py", line 147, in render_template
    return _render(
  File "c:\Users\altanbariscomert\OneDrive\Masaüstü\arsaanalizvesunum\.venv\lib\site-packages\flask\templating.py", line 128, in _render
    rv = template.render(context)
  File "c:\Users\altanbariscomert\OneDrive\Masaüstü\arsaanalizvesunum\.venv\lib\site-packages\jinja2\environment.py", line 1295, in render
    self.environment.handle_exception()
  File "c:\Users\altanbariscomert\OneDrive\Masaüstü\arsaanalizvesunum\.venv\lib\site-packages\jinja2\environment.py", line 942, in handle_exception
    raise rewrite_traceback_stack(source=source)
  File "C:\Users\altanbariscomert\OneDrive\Masaüstü\arsaanalizvesunum\templates\analysis_form.html", line 243, in top-level template code
    <form id="arsaAnaliz" action="{{ url_for('analysis_form') }}" method="post" enctype="multipart/form-data" class="needs-validation" novalidate>
  File "c:\Users\altanbariscomert\OneDrive\Masaüstü\arsaanalizvesunum\.venv\lib\site-packages\flask\helpers.py", line 338, in url_for
    return appctx.app.handle_url_build_error(error, endpoint, values)
  File "c:\Users\altanbariscomert\OneDrive\Masaüstü\arsaanalizvesunum\.venv\lib\site-packages\flask\helpers.py", line 325, in url_for
    rv = url_adapter.build(
  File "c:\Users\altanbariscomert\OneDrive\Masaüstü\arsaanalizvesunum\.venv\lib\site-packages\werkzeug\routing.py", line 2305, in build
    raise BuildError(endpoint, values, method, self)
werkzeug.routing.BuildError: Could not build url for endpoint 'analysis_form'. Did you mean 'main.analysis_form' instead?

2025-05-18 01:59:54,572 - ERROR - app - Sunucu hatası oluştu: 405 Method Not Allowed: The method is not allowed for the requested URL.
Traceback:
Traceback (most recent call last):
  File "c:\Users\altanbariscomert\OneDrive\Masaüstü\arsaanalizvesunum\.venv\lib\site-packages\flask\app.py", line 1513, in full_dispatch_request
    rv = self.dispatch_request()
  File "c:\Users\altanbariscomert\OneDrive\Masaüstü\arsaanalizvesunum\.venv\lib\site-packages\flask\app.py", line 1489, in dispatch_request
    self.raise_routing_exception(req)
  File "c:\Users\altanbariscomert\OneDrive\Masaüstü\arsaanalizvesunum\.venv\lib\site-packages\flask\app.py", line 1471, in raise_routing_exception
    raise request.routing_exception  # type: ignore
  File "c:\Users\altanbariscomert\OneDrive\Masaüstü\arsaanalizvesunum\.venv\lib\site-packages\flask\ctx.py", line 367, in match_request
    result = self.url_adapter.match(return_rule=True)  # type: ignore
  File "c:\Users\altanbariscomert\OneDrive\Masaüstü\arsaanalizvesunum\.venv\lib\site-packages\werkzeug\routing.py", line 2027, in match
    raise MethodNotAllowed(valid_methods=list(have_match_for))
werkzeug.exceptions.MethodNotAllowed: 405 Method Not Allowed: The method is not allowed for the requested URL.

2025-05-18 02:03:07,829 - ERROR - app - Sunucu hatası oluştu: 405 Method Not Allowed: The method is not allowed for the requested URL.
Traceback:
Traceback (most recent call last):
  File "c:\Users\altanbariscomert\OneDrive\Masaüstü\arsaanalizvesunum\.venv\lib\site-packages\flask\app.py", line 1513, in full_dispatch_request
    rv = self.dispatch_request()
  File "c:\Users\altanbariscomert\OneDrive\Masaüstü\arsaanalizvesunum\.venv\lib\site-packages\flask\app.py", line 1489, in dispatch_request
    self.raise_routing_exception(req)
  File "c:\Users\altanbariscomert\OneDrive\Masaüstü\arsaanalizvesunum\.venv\lib\site-packages\flask\app.py", line 1471, in raise_routing_exception
    raise request.routing_exception  # type: ignore
  File "c:\Users\altanbariscomert\OneDrive\Masaüstü\arsaanalizvesunum\.venv\lib\site-packages\flask\ctx.py", line 367, in match_request
    result = self.url_adapter.match(return_rule=True)  # type: ignore
  File "c:\Users\altanbariscomert\OneDrive\Masaüstü\arsaanalizvesunum\.venv\lib\site-packages\werkzeug\routing.py", line 2027, in match
    raise MethodNotAllowed(valid_methods=list(have_match_for))
werkzeug.exceptions.MethodNotAllowed: 405 Method Not Allowed: The method is not allowed for the requested URL.

2025-05-18 02:05:10,265 - ERROR - app - Sunucu hatası oluştu: 405 Method Not Allowed: The method is not allowed for the requested URL.
Traceback:
Traceback (most recent call last):
  File "c:\Users\altanbariscomert\OneDrive\Masaüstü\arsaanalizvesunum\.venv\lib\site-packages\flask\app.py", line 1513, in full_dispatch_request
    rv = self.dispatch_request()
  File "c:\Users\altanbariscomert\OneDrive\Masaüstü\arsaanalizvesunum\.venv\lib\site-packages\flask\app.py", line 1489, in dispatch_request
    self.raise_routing_exception(req)
  File "c:\Users\altanbariscomert\OneDrive\Masaüstü\arsaanalizvesunum\.venv\lib\site-packages\flask\app.py", line 1471, in raise_routing_exception
    raise request.routing_exception  # type: ignore
  File "c:\Users\altanbariscomert\OneDrive\Masaüstü\arsaanalizvesunum\.venv\lib\site-packages\flask\ctx.py", line 367, in match_request
    result = self.url_adapter.match(return_rule=True)  # type: ignore
  File "c:\Users\altanbariscomert\OneDrive\Masaüstü\arsaanalizvesunum\.venv\lib\site-packages\werkzeug\routing.py", line 2027, in match
    raise MethodNotAllowed(valid_methods=list(have_match_for))
werkzeug.exceptions.MethodNotAllowed: 405 Method Not Allowed: The method is not allowed for the requested URL.

2025-05-18 02:05:41,596 - ERROR - app - Sunucu hatası oluştu: 405 Method Not Allowed: The method is not allowed for the requested URL.
Traceback:
Traceback (most recent call last):
  File "c:\Users\altanbariscomert\OneDrive\Masaüstü\arsaanalizvesunum\.venv\lib\site-packages\flask\app.py", line 1513, in full_dispatch_request
    rv = self.dispatch_request()
  File "c:\Users\altanbariscomert\OneDrive\Masaüstü\arsaanalizvesunum\.venv\lib\site-packages\flask\app.py", line 1489, in dispatch_request
    self.raise_routing_exception(req)
  File "c:\Users\altanbariscomert\OneDrive\Masaüstü\arsaanalizvesunum\.venv\lib\site-packages\flask\app.py", line 1471, in raise_routing_exception
    raise request.routing_exception  # type: ignore
  File "c:\Users\altanbariscomert\OneDrive\Masaüstü\arsaanalizvesunum\.venv\lib\site-packages\flask\ctx.py", line 367, in match_request
    result = self.url_adapter.match(return_rule=True)  # type: ignore
  File "c:\Users\altanbariscomert\OneDrive\Masaüstü\arsaanalizvesunum\.venv\lib\site-packages\werkzeug\routing.py", line 2027, in match
    raise MethodNotAllowed(valid_methods=list(have_match_for))
werkzeug.exceptions.MethodNotAllowed: 405 Method Not Allowed: The method is not allowed for the requested URL.

2025-05-18 02:05:53,651 - ERROR - app - Sunucu hatası oluştu: 405 Method Not Allowed: The method is not allowed for the requested URL.
Traceback:
Traceback (most recent call last):
  File "c:\Users\altanbariscomert\OneDrive\Masaüstü\arsaanalizvesunum\.venv\lib\site-packages\flask\app.py", line 1513, in full_dispatch_request
    rv = self.dispatch_request()
  File "c:\Users\altanbariscomert\OneDrive\Masaüstü\arsaanalizvesunum\.venv\lib\site-packages\flask\app.py", line 1489, in dispatch_request
    self.raise_routing_exception(req)
  File "c:\Users\altanbariscomert\OneDrive\Masaüstü\arsaanalizvesunum\.venv\lib\site-packages\flask\app.py", line 1471, in raise_routing_exception
    raise request.routing_exception  # type: ignore
  File "c:\Users\altanbariscomert\OneDrive\Masaüstü\arsaanalizvesunum\.venv\lib\site-packages\flask\ctx.py", line 367, in match_request
    result = self.url_adapter.match(return_rule=True)  # type: ignore
  File "c:\Users\altanbariscomert\OneDrive\Masaüstü\arsaanalizvesunum\.venv\lib\site-packages\werkzeug\routing.py", line 2027, in match
    raise MethodNotAllowed(valid_methods=list(have_match_for))
werkzeug.exceptions.MethodNotAllowed: 405 Method Not Allowed: The method is not allowed for the requested URL.

2025-05-18 02:08:48,707 - ERROR - app - Sunucu hatası oluştu: 405 Method Not Allowed: The method is not allowed for the requested URL.
Traceback:
Traceback (most recent call last):
  File "c:\Users\altanbariscomert\OneDrive\Masaüstü\arsaanalizvesunum\.venv\lib\site-packages\flask\app.py", line 1513, in full_dispatch_request
    rv = self.dispatch_request()
  File "c:\Users\altanbariscomert\OneDrive\Masaüstü\arsaanalizvesunum\.venv\lib\site-packages\flask\app.py", line 1489, in dispatch_request
    self.raise_routing_exception(req)
  File "c:\Users\altanbariscomert\OneDrive\Masaüstü\arsaanalizvesunum\.venv\lib\site-packages\flask\app.py", line 1471, in raise_routing_exception
    raise request.routing_exception  # type: ignore
  File "c:\Users\altanbariscomert\OneDrive\Masaüstü\arsaanalizvesunum\.venv\lib\site-packages\flask\ctx.py", line 367, in match_request
    result = self.url_adapter.match(return_rule=True)  # type: ignore
  File "c:\Users\altanbariscomert\OneDrive\Masaüstü\arsaanalizvesunum\.venv\lib\site-packages\werkzeug\routing.py", line 2027, in match
    raise MethodNotAllowed(valid_methods=list(have_match_for))
werkzeug.exceptions.MethodNotAllowed: 405 Method Not Allowed: The method is not allowed for the requested URL.

2025-05-18 02:09:41,803 - ERROR - app - Sunucu hatası oluştu: 405 Method Not Allowed: The method is not allowed for the requested URL.
Traceback:
Traceback (most recent call last):
  File "c:\Users\altanbariscomert\OneDrive\Masaüstü\arsaanalizvesunum\.venv\lib\site-packages\flask\app.py", line 1513, in full_dispatch_request
    rv = self.dispatch_request()
  File "c:\Users\altanbariscomert\OneDrive\Masaüstü\arsaanalizvesunum\.venv\lib\site-packages\flask\app.py", line 1489, in dispatch_request
    self.raise_routing_exception(req)
  File "c:\Users\altanbariscomert\OneDrive\Masaüstü\arsaanalizvesunum\.venv\lib\site-packages\flask\app.py", line 1471, in raise_routing_exception
    raise request.routing_exception  # type: ignore
  File "c:\Users\altanbariscomert\OneDrive\Masaüstü\arsaanalizvesunum\.venv\lib\site-packages\flask\ctx.py", line 367, in match_request
    result = self.url_adapter.match(return_rule=True)  # type: ignore
  File "c:\Users\altanbariscomert\OneDrive\Masaüstü\arsaanalizvesunum\.venv\lib\site-packages\werkzeug\routing.py", line 2027, in match
    raise MethodNotAllowed(valid_methods=list(have_match_for))
werkzeug.exceptions.MethodNotAllowed: 405 Method Not Allowed: The method is not allowed for the requested URL.

2025-05-18 02:11:47,782 - ERROR - app - Sunucu hatası oluştu: 405 Method Not Allowed: The method is not allowed for the requested URL.
Traceback:
Traceback (most recent call last):
  File "c:\Users\altanbariscomert\OneDrive\Masaüstü\arsaanalizvesunum\.venv\lib\site-packages\flask\app.py", line 1513, in full_dispatch_request
    rv = self.dispatch_request()
  File "c:\Users\altanbariscomert\OneDrive\Masaüstü\arsaanalizvesunum\.venv\lib\site-packages\flask\app.py", line 1489, in dispatch_request
    self.raise_routing_exception(req)
  File "c:\Users\altanbariscomert\OneDrive\Masaüstü\arsaanalizvesunum\.venv\lib\site-packages\flask\app.py", line 1471, in raise_routing_exception
    raise request.routing_exception  # type: ignore
  File "c:\Users\altanbariscomert\OneDrive\Masaüstü\arsaanalizvesunum\.venv\lib\site-packages\flask\ctx.py", line 367, in match_request
    result = self.url_adapter.match(return_rule=True)  # type: ignore
  File "c:\Users\altanbariscomert\OneDrive\Masaüstü\arsaanalizvesunum\.venv\lib\site-packages\werkzeug\routing.py", line 2027, in match
    raise MethodNotAllowed(valid_methods=list(have_match_for))
werkzeug.exceptions.MethodNotAllowed: 405 Method Not Allowed: The method is not allowed for the requested URL.

2025-05-18 02:12:24,271 - ERROR - app - Sunucu hatası oluştu: 405 Method Not Allowed: The method is not allowed for the requested URL.
Traceback:
Traceback (most recent call last):
  File "c:\Users\altanbariscomert\OneDrive\Masaüstü\arsaanalizvesunum\.venv\lib\site-packages\flask\app.py", line 1513, in full_dispatch_request
    rv = self.dispatch_request()
  File "c:\Users\altanbariscomert\OneDrive\Masaüstü\arsaanalizvesunum\.venv\lib\site-packages\flask\app.py", line 1489, in dispatch_request
    self.raise_routing_exception(req)
  File "c:\Users\altanbariscomert\OneDrive\Masaüstü\arsaanalizvesunum\.venv\lib\site-packages\flask\app.py", line 1471, in raise_routing_exception
    raise request.routing_exception  # type: ignore
  File "c:\Users\altanbariscomert\OneDrive\Masaüstü\arsaanalizvesunum\.venv\lib\site-packages\flask\ctx.py", line 367, in match_request
    result = self.url_adapter.match(return_rule=True)  # type: ignore
  File "c:\Users\altanbariscomert\OneDrive\Masaüstü\arsaanalizvesunum\.venv\lib\site-packages\werkzeug\routing.py", line 2027, in match
    raise MethodNotAllowed(valid_methods=list(have_match_for))
werkzeug.exceptions.MethodNotAllowed: 405 Method Not Allowed: The method is not allowed for the requested URL.

2025-05-18 02:13:03,568 - ERROR - analysis_bp - Analiz oluşturma hatası: 'fiyat' is an invalid keyword argument for ArsaAnaliz
Traceback (most recent call last):
  File "C:\Users\altanbariscomert\OneDrive\Masaüstü\arsaanalizvesunum\blueprints\analysis_bp.py", line 134, in create_analysis
    yeni_analiz = ArsaAnaliz(
  File "<string>", line 4, in __init__
  File "c:\Users\altanbariscomert\OneDrive\Masaüstü\arsaanalizvesunum\.venv\lib\site-packages\sqlalchemy\orm\state.py", line 482, in _initialize_instance
    manager.dispatch.init_failure(self, args, kwargs)
  File "c:\Users\altanbariscomert\OneDrive\Masaüstü\arsaanalizvesunum\.venv\lib\site-packages\sqlalchemy\util\langhelpers.py", line 70, in __exit__
    compat.raise_(
  File "c:\Users\altanbariscomert\OneDrive\Masaüstü\arsaanalizvesunum\.venv\lib\site-packages\sqlalchemy\util\compat.py", line 211, in raise_
    raise exception
  File "c:\Users\altanbariscomert\OneDrive\Masaüstü\arsaanalizvesunum\.venv\lib\site-packages\sqlalchemy\orm\state.py", line 479, in _initialize_instance
    return manager.original_init(*mixed[1:], **kwargs)
  File "c:\Users\altanbariscomert\OneDrive\Masaüstü\arsaanalizvesunum\.venv\lib\site-packages\sqlalchemy\orm\decl_base.py", line 1197, in _declarative_constructor
    raise TypeError(
TypeError: 'fiyat' is an invalid keyword argument for ArsaAnaliz
2025-05-18 02:15:48,620 - ERROR - analysis_bp - Analiz oluşturma hatası: 'fiyat' is an invalid keyword argument for ArsaAnaliz
Traceback (most recent call last):
  File "C:\Users\altanbariscomert\OneDrive\Masaüstü\arsaanalizvesunum\blueprints\analysis_bp.py", line 134, in create_analysis
    yeni_analiz = ArsaAnaliz(
  File "<string>", line 4, in __init__
  File "c:\Users\altanbariscomert\OneDrive\Masaüstü\arsaanalizvesunum\.venv\lib\site-packages\sqlalchemy\orm\state.py", line 482, in _initialize_instance
    manager.dispatch.init_failure(self, args, kwargs)
  File "c:\Users\altanbariscomert\OneDrive\Masaüstü\arsaanalizvesunum\.venv\lib\site-packages\sqlalchemy\util\langhelpers.py", line 70, in __exit__
    compat.raise_(
  File "c:\Users\altanbariscomert\OneDrive\Masaüstü\arsaanalizvesunum\.venv\lib\site-packages\sqlalchemy\util\compat.py", line 211, in raise_
    raise exception
  File "c:\Users\altanbariscomert\OneDrive\Masaüstü\arsaanalizvesunum\.venv\lib\site-packages\sqlalchemy\orm\state.py", line 479, in _initialize_instance
    return manager.original_init(*mixed[1:], **kwargs)
  File "c:\Users\altanbariscomert\OneDrive\Masaüstü\arsaanalizvesunum\.venv\lib\site-packages\sqlalchemy\orm\decl_base.py", line 1197, in _declarative_constructor
    raise TypeError(
TypeError: 'fiyat' is an invalid keyword argument for ArsaAnaliz
2025-05-18 02:16:21,829 - INFO - app - Flask uygulaması başarıyla oluşturuldu ve yapılandırıldı.
2025-05-18 02:17:01,003 - ERROR - app - Sunucu hatası oluştu: 404 Not Found: The requested URL was not found on the server. If you entered the URL manually please check your spelling and try again.
Traceback:
Traceback (most recent call last):
  File "c:\Users\altanbariscomert\OneDrive\Masaüstü\arsaanalizvesunum\.venv\lib\site-packages\flask\app.py", line 1513, in full_dispatch_request
    rv = self.dispatch_request()
  File "c:\Users\altanbariscomert\OneDrive\Masaüstü\arsaanalizvesunum\.venv\lib\site-packages\flask\app.py", line 1499, in dispatch_request
    return self.ensure_sync(self.view_functions[rule.endpoint])(**req.view_args)
  File "c:\Users\altanbariscomert\OneDrive\Masaüstü\arsaanalizvesunum\.venv\lib\site-packages\flask\app.py", line 518, in <lambda>
    view_func=lambda **kw: self_ref().send_static_file(**kw),  # type: ignore # noqa: B950
  File "c:\Users\altanbariscomert\OneDrive\Masaüstü\arsaanalizvesunum\.venv\lib\site-packages\flask\scaffold.py", line 328, in send_static_file
    return send_from_directory(
  File "c:\Users\altanbariscomert\OneDrive\Masaüstü\arsaanalizvesunum\.venv\lib\site-packages\flask\helpers.py", line 700, in send_from_directory
    return werkzeug.utils.send_from_directory(  # type: ignore
  File "c:\Users\altanbariscomert\OneDrive\Masaüstü\arsaanalizvesunum\.venv\lib\site-packages\werkzeug\utils.py", line 841, in send_from_directory
    raise NotFound()
werkzeug.exceptions.NotFound: 404 Not Found: The requested URL was not found on the server. If you entered the URL manually please check your spelling and try again.

